{"level":"info","message":"MongoDB connection established successfully.....","timestamp":"2020-09-09T13:43:45.374Z"}
{"level":"info","message":"MongoDB connection established successfully.....","timestamp":"2020-09-09T13:44:31.911Z"}
{"level":"info","message":"MongoDB connection established successfully.....","timestamp":"2020-09-09T13:44:45.962Z"}
{"level":"info","message":"Listening for port ....3000","timestamp":"2020-09-09T13:45:10.301Z"}
{"level":"info","message":"MongoDB connection established successfully.....","timestamp":"2020-09-09T13:45:10.400Z"}
{"level":"info","message":"Listening for port ....3000","timestamp":"2020-09-09T13:47:19.283Z"}
{"level":"info","message":"MongoDB connection established successfully.....","timestamp":"2020-09-09T13:47:19.423Z"}
{"level":"info","message":"Listening for port ....3000","timestamp":"2020-09-09T13:49:02.928Z"}
{"level":"info","message":"MongoDB connection established successfully.....","timestamp":"2020-09-09T13:49:03.016Z"}
{"level":"info","message":"Listening for port ....3000","timestamp":"2020-09-09T13:58:38.700Z"}
{"level":"info","message":"MongoDB connection established successfully.....","timestamp":"2020-09-09T13:58:38.782Z"}
{"level":"info","message":"Listening for port ....3000","timestamp":"2020-09-09T14:00:11.836Z"}
{"level":"info","message":"MongoDB connection established successfully.....","timestamp":"2020-09-09T14:00:11.936Z"}
{"level":"info","message":"Listening for port ....3000","timestamp":"2020-09-09T17:56:24.704Z"}
{"level":"info","message":"MongoDB connection established successfully.....","timestamp":"2020-09-09T17:56:24.818Z"}
{"level":"info","message":"Listening for port ....3000","timestamp":"2020-09-09T18:00:22.756Z"}
{"level":"info","message":"MongoDB connection established successfully.....","timestamp":"2020-09-09T18:00:22.959Z"}
{"level":"info","message":"Listening for port ....3000","timestamp":"2020-09-09T18:04:38.475Z"}
{"level":"info","message":"MongoDB connection established successfully.....","timestamp":"2020-09-09T18:04:38.593Z"}
{"level":"info","message":"Listening for port ....3000","timestamp":"2020-09-09T19:34:41.768Z"}
{"level":"info","message":"MongoDB connection established successfully.....","timestamp":"2020-09-09T19:34:41.866Z"}
{"level":"info","message":"Listening for port ....3000","timestamp":"2020-09-09T19:39:34.416Z"}
{"level":"info","message":"MongoDB connection established successfully.....","timestamp":"2020-09-09T19:39:34.520Z"}
{"level":"info","message":"Listening for port ....3000","timestamp":"2020-09-09T19:48:20.252Z"}
{"level":"info","message":"MongoDB connection established successfully.....","timestamp":"2020-09-09T19:48:20.334Z"}
{"level":"info","message":"Listening for port ....3000","timestamp":"2020-09-09T19:48:25.370Z"}
{"level":"info","message":"MongoDB connection established successfully.....","timestamp":"2020-09-09T19:48:25.473Z"}
{"level":"info","message":"Listening for port ....3000","timestamp":"2020-09-09T19:49:28.864Z"}
{"level":"info","message":"MongoDB connection established successfully.....","timestamp":"2020-09-09T19:49:28.962Z"}
{"level":"info","message":"Listening for port ....3000","timestamp":"2020-09-09T19:50:25.828Z"}
{"level":"info","message":"MongoDB connection established successfully.....","timestamp":"2020-09-09T19:50:25.943Z"}
{"level":"info","message":"Listening for port ....3000","timestamp":"2020-09-10T03:41:58.640Z"}
{"level":"info","message":"MongoDB connection established successfully.....","timestamp":"2020-09-10T03:41:58.787Z"}
{"level":"info","message":"Listening for port ....3000","timestamp":"2020-09-10T03:49:18.229Z"}
{"level":"info","message":"MongoDB connection established successfully.....","timestamp":"2020-09-10T03:49:18.359Z"}
{"level":"info","message":"Listening for port ....3000","timestamp":"2020-09-10T03:50:11.128Z"}
{"level":"info","message":"MongoDB connection established successfully.....","timestamp":"2020-09-10T03:50:11.263Z"}
{"level":"info","message":"Listening for port ....3000","timestamp":"2020-09-10T03:52:58.944Z"}
{"level":"info","message":"MongoDB connection established successfully.....","timestamp":"2020-09-10T03:52:59.101Z"}
{"level":"info","message":"Listening for port ....3000","timestamp":"2020-09-10T03:55:02.157Z"}
{"level":"info","message":"MongoDB connection established successfully.....","timestamp":"2020-09-10T03:55:02.273Z"}
{"level":"info","message":"Listening for port ....3000","timestamp":"2020-09-10T03:55:13.200Z"}
{"level":"info","message":"MongoDB connection established successfully.....","timestamp":"2020-09-10T03:55:13.320Z"}
{"level":"info","message":"Listening for port ....3000","timestamp":"2020-09-10T03:55:22.461Z"}
{"level":"info","message":"MongoDB connection established successfully.....","timestamp":"2020-09-10T03:55:22.578Z"}
{"level":"info","message":"Listening for port ....3000","timestamp":"2020-09-10T04:00:09.866Z"}
{"level":"info","message":"MongoDB connection established successfully.....","timestamp":"2020-09-10T04:00:09.994Z"}
{"level":"info","message":"Listening for port ....3000","timestamp":"2020-09-10T04:00:32.108Z"}
{"level":"info","message":"MongoDB connection established successfully.....","timestamp":"2020-09-10T04:00:32.272Z"}
{"level":"info","message":"Listening for port ....3000","timestamp":"2020-09-10T04:00:40.628Z"}
{"level":"info","message":"MongoDB connection established successfully.....","timestamp":"2020-09-10T04:00:40.751Z"}
{"level":"info","message":"Listening for port ....3000","timestamp":"2020-09-10T04:00:49.105Z"}
{"level":"info","message":"MongoDB connection established successfully.....","timestamp":"2020-09-10T04:00:49.256Z"}
{"level":"info","message":"Listening for port ....3000","timestamp":"2020-09-10T04:05:27.393Z"}
{"level":"info","message":"MongoDB connection established successfully.....","timestamp":"2020-09-10T04:05:27.531Z"}
{"level":"info","message":"Listening for port ....3000","timestamp":"2020-09-10T04:09:03.823Z"}
{"level":"info","message":"MongoDB connection established successfully.....","timestamp":"2020-09-10T04:09:03.941Z"}
{"level":"info","message":"Listening for port ....3000","timestamp":"2020-09-10T04:09:25.669Z"}
{"level":"info","message":"MongoDB connection established successfully.....","timestamp":"2020-09-10T04:09:25.854Z"}
{"level":"info","message":"Listening for port ....3000","timestamp":"2020-09-10T04:16:01.408Z"}
{"level":"info","message":"MongoDB connection established successfully.....","timestamp":"2020-09-10T04:16:01.543Z"}
{"level":"info","message":"Listening for port ....3000","timestamp":"2020-09-10T04:16:35.422Z"}
{"level":"info","message":"MongoDB connection established successfully.....","timestamp":"2020-09-10T04:16:35.539Z"}
{"level":"info","message":"Listening for port ....3000","timestamp":"2020-09-10T04:18:04.268Z"}
{"level":"info","message":"MongoDB connection established successfully.....","timestamp":"2020-09-10T04:18:04.359Z"}
{"level":"info","message":"Listening for port ....3000","timestamp":"2020-09-10T04:19:19.062Z"}
{"level":"info","message":"MongoDB connection established successfully.....","timestamp":"2020-09-10T04:19:19.238Z"}
{"level":"info","message":"Listening for port ....3000","timestamp":"2020-09-10T04:19:56.784Z"}
{"level":"info","message":"MongoDB connection established successfully.....","timestamp":"2020-09-10T04:19:56.973Z"}
{"level":"info","message":"Listening for port ....3000","timestamp":"2020-09-10T04:20:07.794Z"}
{"level":"info","message":"MongoDB connection established successfully.....","timestamp":"2020-09-10T04:20:07.924Z"}
{"level":"info","message":"Listening for port ....3000","timestamp":"2020-09-10T04:20:19.520Z"}
{"level":"info","message":"MongoDB connection established successfully.....","timestamp":"2020-09-10T04:20:19.650Z"}
{"level":"info","message":"Listening for port ....3000","timestamp":"2020-09-10T04:23:20.881Z"}
{"level":"info","message":"MongoDB connection established successfully.....","timestamp":"2020-09-10T04:23:20.984Z"}
{"level":"info","message":"Listening for port ....3000","timestamp":"2020-09-10T04:23:40.504Z"}
{"level":"info","message":"MongoDB connection established successfully.....","timestamp":"2020-09-10T04:23:40.624Z"}
{"level":"info","message":"Listening for port ....3000","timestamp":"2020-09-10T04:33:03.418Z"}
{"level":"info","message":"MongoDB connection established successfully.....","timestamp":"2020-09-10T04:33:03.557Z"}
{"level":"info","message":"Listening for port ....3000","timestamp":"2020-09-10T04:36:33.816Z"}
{"level":"info","message":"MongoDB connection established successfully.....","timestamp":"2020-09-10T04:36:33.926Z"}
{"level":"info","message":"Listening for port ....3000","timestamp":"2020-09-10T04:37:13.278Z"}
{"level":"info","message":"MongoDB connection established successfully.....","timestamp":"2020-09-10T04:37:13.385Z"}
{"level":"info","message":"Listening for port ....3000","timestamp":"2020-09-10T05:37:13.623Z"}
{"level":"info","message":"MongoDB connection established successfully.....","timestamp":"2020-09-10T05:37:13.746Z"}
{"level":"info","message":"Listening for port ....3000","timestamp":"2020-09-10T05:41:48.034Z"}
{"level":"info","message":"MongoDB connection established successfully.....","timestamp":"2020-09-10T05:41:48.129Z"}
{"level":"info","message":"Listening for port ....3000","timestamp":"2020-09-10T08:03:54.155Z"}
{"level":"info","message":"MongoDB connection established successfully.....","timestamp":"2020-09-10T08:03:54.252Z"}
{"level":"info","message":"Listening for port ....3000","timestamp":"2020-09-10T08:04:19.601Z"}
{"level":"info","message":"MongoDB connection established successfully.....","timestamp":"2020-09-10T08:04:19.693Z"}
{"level":"info","message":"Listening for port ....3000","timestamp":"2020-09-15T14:38:34.613Z"}
{"level":"info","message":"MongoDB connection established successfully.....","timestamp":"2020-09-15T14:38:35.890Z"}
{"message":"Joi.String is not a function","stack":"TypeError: Joi.String is not a function\n    at validateUser (C:\\Users\\kayode\\Desktop\\sdg\\cohort2\\models\\user.js:47:24)\n    at C:\\Users\\kayode\\Desktop\\sdg\\cohort2\\routes\\users.js:20:20\n    at C:\\Users\\kayode\\Desktop\\sdg\\cohort2\\node_modules\\express-async-errors\\index.js:17:17\n    at Layer.handle [as handle_request] (C:\\Users\\kayode\\Desktop\\sdg\\cohort2\\node_modules\\express\\lib\\router\\layer.js:95:5)\n    at next (C:\\Users\\kayode\\Desktop\\sdg\\cohort2\\node_modules\\express\\lib\\router\\route.js:137:13)\n    at Route.dispatch (C:\\Users\\kayode\\Desktop\\sdg\\cohort2\\node_modules\\express\\lib\\router\\route.js:112:3)\n    at C:\\Users\\kayode\\Desktop\\sdg\\cohort2\\node_modules\\express-async-errors\\index.js:17:17\n    at Layer.handle [as handle_request] (C:\\Users\\kayode\\Desktop\\sdg\\cohort2\\node_modules\\express\\lib\\router\\layer.js:95:5)\n    at C:\\Users\\kayode\\Desktop\\sdg\\cohort2\\node_modules\\express\\lib\\router\\index.js:281:22\n    at Function.process_params (C:\\Users\\kayode\\Desktop\\sdg\\cohort2\\node_modules\\express\\lib\\router\\index.js:335:12)\n    at next (C:\\Users\\kayode\\Desktop\\sdg\\cohort2\\node_modules\\express\\lib\\router\\index.js:275:10)\n    at Function.handle (C:\\Users\\kayode\\Desktop\\sdg\\cohort2\\node_modules\\express\\lib\\router\\index.js:174:3)\n    at router (C:\\Users\\kayode\\Desktop\\sdg\\cohort2\\node_modules\\express\\lib\\router\\index.js:47:12)\n    at C:\\Users\\kayode\\Desktop\\sdg\\cohort2\\node_modules\\express-async-errors\\index.js:17:17\n    at Layer.handle [as handle_request] (C:\\Users\\kayode\\Desktop\\sdg\\cohort2\\node_modules\\express\\lib\\router\\layer.js:95:5)\n    at trim_prefix (C:\\Users\\kayode\\Desktop\\sdg\\cohort2\\node_modules\\express\\lib\\router\\index.js:317:13)","level":"error","timestamp":"2020-09-15T17:09:15.631Z"}
{"level":"info","message":"Listening for port ....3000","timestamp":"2020-09-15T18:38:35.345Z"}
{"level":"info","message":"MongoDB connection established successfully.....","timestamp":"2020-09-15T18:38:38.702Z"}
{"level":"info","message":"Listening for port ....3000","timestamp":"2020-09-16T08:44:24.751Z"}
{"level":"info","message":"Listening for port ....3000","timestamp":"2020-09-16T08:45:12.202Z"}
{"level":"info","message":"MongoDB connection established successfully.....","timestamp":"2020-09-16T08:45:15.801Z"}
{"message":"Joi.String is not a function","stack":"TypeError: Joi.String is not a function\n    at validateUser (C:\\Users\\kayode\\Desktop\\sdg\\cohort2\\models\\user.js:47:24)\n    at C:\\Users\\kayode\\Desktop\\sdg\\cohort2\\routes\\users.js:20:20\n    at C:\\Users\\kayode\\Desktop\\sdg\\cohort2\\node_modules\\express-async-errors\\index.js:17:17\n    at Layer.handle [as handle_request] (C:\\Users\\kayode\\Desktop\\sdg\\cohort2\\node_modules\\express\\lib\\router\\layer.js:95:5)\n    at next (C:\\Users\\kayode\\Desktop\\sdg\\cohort2\\node_modules\\express\\lib\\router\\route.js:137:13)\n    at Route.dispatch (C:\\Users\\kayode\\Desktop\\sdg\\cohort2\\node_modules\\express\\lib\\router\\route.js:112:3)\n    at C:\\Users\\kayode\\Desktop\\sdg\\cohort2\\node_modules\\express-async-errors\\index.js:17:17\n    at Layer.handle [as handle_request] (C:\\Users\\kayode\\Desktop\\sdg\\cohort2\\node_modules\\express\\lib\\router\\layer.js:95:5)\n    at C:\\Users\\kayode\\Desktop\\sdg\\cohort2\\node_modules\\express\\lib\\router\\index.js:281:22\n    at Function.process_params (C:\\Users\\kayode\\Desktop\\sdg\\cohort2\\node_modules\\express\\lib\\router\\index.js:335:12)\n    at next (C:\\Users\\kayode\\Desktop\\sdg\\cohort2\\node_modules\\express\\lib\\router\\index.js:275:10)\n    at Function.handle (C:\\Users\\kayode\\Desktop\\sdg\\cohort2\\node_modules\\express\\lib\\router\\index.js:174:3)\n    at router (C:\\Users\\kayode\\Desktop\\sdg\\cohort2\\node_modules\\express\\lib\\router\\index.js:47:12)\n    at C:\\Users\\kayode\\Desktop\\sdg\\cohort2\\node_modules\\express-async-errors\\index.js:17:17\n    at Layer.handle [as handle_request] (C:\\Users\\kayode\\Desktop\\sdg\\cohort2\\node_modules\\express\\lib\\router\\layer.js:95:5)\n    at trim_prefix (C:\\Users\\kayode\\Desktop\\sdg\\cohort2\\node_modules\\express\\lib\\router\\index.js:317:13)","level":"error","timestamp":"2020-09-16T08:49:39.155Z"}
{"level":"info","message":"Listening for port ....3000","timestamp":"2020-09-16T09:08:33.109Z"}
{"level":"info","message":"MongoDB connection established successfully.....","timestamp":"2020-09-16T09:08:33.352Z"}
{"message":"Joi.validate is not a function","stack":"TypeError: Joi.validate is not a function\n    at validateUser (C:\\Users\\kayode\\Desktop\\sdg\\cohort2\\models\\user.js:52:16)\n    at C:\\Users\\kayode\\Desktop\\sdg\\cohort2\\routes\\users.js:20:20\n    at C:\\Users\\kayode\\Desktop\\sdg\\cohort2\\node_modules\\express-async-errors\\index.js:17:17\n    at Layer.handle [as handle_request] (C:\\Users\\kayode\\Desktop\\sdg\\cohort2\\node_modules\\express\\lib\\router\\layer.js:95:5)\n    at next (C:\\Users\\kayode\\Desktop\\sdg\\cohort2\\node_modules\\express\\lib\\router\\route.js:137:13)\n    at Route.dispatch (C:\\Users\\kayode\\Desktop\\sdg\\cohort2\\node_modules\\express\\lib\\router\\route.js:112:3)\n    at C:\\Users\\kayode\\Desktop\\sdg\\cohort2\\node_modules\\express-async-errors\\index.js:17:17\n    at Layer.handle [as handle_request] (C:\\Users\\kayode\\Desktop\\sdg\\cohort2\\node_modules\\express\\lib\\router\\layer.js:95:5)\n    at C:\\Users\\kayode\\Desktop\\sdg\\cohort2\\node_modules\\express\\lib\\router\\index.js:281:22\n    at Function.process_params (C:\\Users\\kayode\\Desktop\\sdg\\cohort2\\node_modules\\express\\lib\\router\\index.js:335:12)\n    at next (C:\\Users\\kayode\\Desktop\\sdg\\cohort2\\node_modules\\express\\lib\\router\\index.js:275:10)\n    at Function.handle (C:\\Users\\kayode\\Desktop\\sdg\\cohort2\\node_modules\\express\\lib\\router\\index.js:174:3)\n    at router (C:\\Users\\kayode\\Desktop\\sdg\\cohort2\\node_modules\\express\\lib\\router\\index.js:47:12)\n    at C:\\Users\\kayode\\Desktop\\sdg\\cohort2\\node_modules\\express-async-errors\\index.js:17:17\n    at Layer.handle [as handle_request] (C:\\Users\\kayode\\Desktop\\sdg\\cohort2\\node_modules\\express\\lib\\router\\layer.js:95:5)\n    at trim_prefix (C:\\Users\\kayode\\Desktop\\sdg\\cohort2\\node_modules\\express\\lib\\router\\index.js:317:13)","level":"error","timestamp":"2020-09-16T09:09:38.660Z"}
{"level":"info","message":"Listening for port ....3000","timestamp":"2020-09-16T09:12:10.573Z"}
{"level":"info","message":"MongoDB connection established successfully.....","timestamp":"2020-09-16T09:12:11.495Z"}
{"level":"info","message":"Listening for port ....3000","timestamp":"2020-09-16T09:17:19.308Z"}
{"level":"info","message":"MongoDB connection established successfully.....","timestamp":"2020-09-16T09:17:19.589Z"}
{"message":"winston is not defined","stack":"ReferenceError: winston is not defined\n    at C:\\Users\\kayode\\Desktop\\sdg\\cohort2\\routes\\users.js:35:14\n    at processTicksAndRejections (internal/process/task_queues.js:97:5)","level":"error","timestamp":"2020-09-16T09:21:30.695Z"}
{"level":"info","message":"Listening for port ....3000","timestamp":"2020-09-16T09:25:54.413Z"}
{"level":"info","message":"MongoDB connection established successfully.....","timestamp":"2020-09-16T09:25:54.701Z"}
{"message":"Cannot read property '0' of undefined","stack":"TypeError: Cannot read property '0' of undefined\n    at C:\\Users\\kayode\\Desktop\\sdg\\cohort2\\routes\\users.js:21:58\n    at C:\\Users\\kayode\\Desktop\\sdg\\cohort2\\node_modules\\express-async-errors\\index.js:17:17\n    at Layer.handle [as handle_request] (C:\\Users\\kayode\\Desktop\\sdg\\cohort2\\node_modules\\express\\lib\\router\\layer.js:95:5)\n    at next (C:\\Users\\kayode\\Desktop\\sdg\\cohort2\\node_modules\\express\\lib\\router\\route.js:137:13)\n    at Route.dispatch (C:\\Users\\kayode\\Desktop\\sdg\\cohort2\\node_modules\\express\\lib\\router\\route.js:112:3)\n    at C:\\Users\\kayode\\Desktop\\sdg\\cohort2\\node_modules\\express-async-errors\\index.js:17:17\n    at Layer.handle [as handle_request] (C:\\Users\\kayode\\Desktop\\sdg\\cohort2\\node_modules\\express\\lib\\router\\layer.js:95:5)\n    at C:\\Users\\kayode\\Desktop\\sdg\\cohort2\\node_modules\\express\\lib\\router\\index.js:281:22\n    at Function.process_params (C:\\Users\\kayode\\Desktop\\sdg\\cohort2\\node_modules\\express\\lib\\router\\index.js:335:12)\n    at next (C:\\Users\\kayode\\Desktop\\sdg\\cohort2\\node_modules\\express\\lib\\router\\index.js:275:10)\n    at Function.handle (C:\\Users\\kayode\\Desktop\\sdg\\cohort2\\node_modules\\express\\lib\\router\\index.js:174:3)\n    at router (C:\\Users\\kayode\\Desktop\\sdg\\cohort2\\node_modules\\express\\lib\\router\\index.js:47:12)\n    at C:\\Users\\kayode\\Desktop\\sdg\\cohort2\\node_modules\\express-async-errors\\index.js:17:17\n    at Layer.handle [as handle_request] (C:\\Users\\kayode\\Desktop\\sdg\\cohort2\\node_modules\\express\\lib\\router\\layer.js:95:5)\n    at trim_prefix (C:\\Users\\kayode\\Desktop\\sdg\\cohort2\\node_modules\\express\\lib\\router\\index.js:317:13)\n    at C:\\Users\\kayode\\Desktop\\sdg\\cohort2\\node_modules\\express\\lib\\router\\index.js:284:7","level":"error","timestamp":"2020-09-16T09:26:15.834Z"}
{"level":"info","message":"Listening for port ....3000","timestamp":"2020-09-16T09:28:17.332Z"}
{"level":"info","message":"MongoDB connection established successfully.....","timestamp":"2020-09-16T09:28:17.635Z"}
{"message":"Cannot read property '0' of undefined","stack":"TypeError: Cannot read property '0' of undefined\n    at C:\\Users\\kayode\\Desktop\\sdg\\cohort2\\routes\\users.js:22:58\n    at processTicksAndRejections (internal/process/task_queues.js:97:5)","level":"error","timestamp":"2020-09-16T09:28:28.705Z"}
{"level":"info","message":"Listening for port ....3000","timestamp":"2020-09-16T09:29:36.713Z"}
{"level":"info","message":"MongoDB connection established successfully.....","timestamp":"2020-09-16T09:29:37.041Z"}
{"message":"Cannot read property '0' of undefined","stack":"TypeError: Cannot read property '0' of undefined\n    at C:\\Users\\kayode\\Desktop\\sdg\\cohort2\\routes\\users.js:22:58\n    at processTicksAndRejections (internal/process/task_queues.js:97:5)","level":"error","timestamp":"2020-09-16T09:29:46.273Z"}
{"level":"info","message":"Listening for port ....3000","timestamp":"2020-09-16T09:30:58.629Z"}
{"level":"info","message":"MongoDB connection established successfully.....","timestamp":"2020-09-16T09:30:58.929Z"}
{"message":"Cannot read property '0' of undefined","stack":"TypeError: Cannot read property '0' of undefined\n    at C:\\Users\\kayode\\Desktop\\sdg\\cohort2\\routes\\users.js:22:58\n    at processTicksAndRejections (internal/process/task_queues.js:97:5)","level":"error","timestamp":"2020-09-16T09:31:06.659Z"}
{"level":"info","message":"Listening for port ....3000","timestamp":"2020-09-16T09:31:53.964Z"}
{"level":"info","message":"MongoDB connection established successfully.....","timestamp":"2020-09-16T09:31:54.296Z"}
{"level":"info","message":"Listening for port ....3000","timestamp":"2020-09-16T09:33:25.808Z"}
{"level":"info","message":"MongoDB connection established successfully.....","timestamp":"2020-09-16T09:33:26.123Z"}
{"message":"Cannot read property 'details' of undefined","stack":"TypeError: Cannot read property 'details' of undefined\n    at C:\\Users\\kayode\\Desktop\\sdg\\cohort2\\routes\\users.js:21:57\n    at C:\\Users\\kayode\\Desktop\\sdg\\cohort2\\node_modules\\express-async-errors\\index.js:17:17\n    at Layer.handle [as handle_request] (C:\\Users\\kayode\\Desktop\\sdg\\cohort2\\node_modules\\express\\lib\\router\\layer.js:95:5)\n    at next (C:\\Users\\kayode\\Desktop\\sdg\\cohort2\\node_modules\\express\\lib\\router\\route.js:137:13)\n    at Route.dispatch (C:\\Users\\kayode\\Desktop\\sdg\\cohort2\\node_modules\\express\\lib\\router\\route.js:112:3)\n    at C:\\Users\\kayode\\Desktop\\sdg\\cohort2\\node_modules\\express-async-errors\\index.js:17:17\n    at Layer.handle [as handle_request] (C:\\Users\\kayode\\Desktop\\sdg\\cohort2\\node_modules\\express\\lib\\router\\layer.js:95:5)\n    at C:\\Users\\kayode\\Desktop\\sdg\\cohort2\\node_modules\\express\\lib\\router\\index.js:281:22\n    at Function.process_params (C:\\Users\\kayode\\Desktop\\sdg\\cohort2\\node_modules\\express\\lib\\router\\index.js:335:12)\n    at next (C:\\Users\\kayode\\Desktop\\sdg\\cohort2\\node_modules\\express\\lib\\router\\index.js:275:10)\n    at Function.handle (C:\\Users\\kayode\\Desktop\\sdg\\cohort2\\node_modules\\express\\lib\\router\\index.js:174:3)\n    at router (C:\\Users\\kayode\\Desktop\\sdg\\cohort2\\node_modules\\express\\lib\\router\\index.js:47:12)\n    at C:\\Users\\kayode\\Desktop\\sdg\\cohort2\\node_modules\\express-async-errors\\index.js:17:17\n    at Layer.handle [as handle_request] (C:\\Users\\kayode\\Desktop\\sdg\\cohort2\\node_modules\\express\\lib\\router\\layer.js:95:5)\n    at trim_prefix (C:\\Users\\kayode\\Desktop\\sdg\\cohort2\\node_modules\\express\\lib\\router\\index.js:317:13)\n    at C:\\Users\\kayode\\Desktop\\sdg\\cohort2\\node_modules\\express\\lib\\router\\index.js:284:7","level":"error","timestamp":"2020-09-16T09:36:03.449Z"}
{"level":"info","message":"Listening for port ....3000","timestamp":"2020-09-16T09:37:20.477Z"}
{"level":"info","message":"MongoDB connection established successfully.....","timestamp":"2020-09-16T09:37:20.788Z"}
{"message":"Cannot read property 'details' of undefined","stack":"TypeError: Cannot read property 'details' of undefined\n    at C:\\Users\\kayode\\Desktop\\sdg\\cohort2\\routes\\users.js:22:50\n    at C:\\Users\\kayode\\Desktop\\sdg\\cohort2\\node_modules\\express-async-errors\\index.js:17:17\n    at Layer.handle [as handle_request] (C:\\Users\\kayode\\Desktop\\sdg\\cohort2\\node_modules\\express\\lib\\router\\layer.js:95:5)\n    at next (C:\\Users\\kayode\\Desktop\\sdg\\cohort2\\node_modules\\express\\lib\\router\\route.js:137:13)\n    at Route.dispatch (C:\\Users\\kayode\\Desktop\\sdg\\cohort2\\node_modules\\express\\lib\\router\\route.js:112:3)\n    at C:\\Users\\kayode\\Desktop\\sdg\\cohort2\\node_modules\\express-async-errors\\index.js:17:17\n    at Layer.handle [as handle_request] (C:\\Users\\kayode\\Desktop\\sdg\\cohort2\\node_modules\\express\\lib\\router\\layer.js:95:5)\n    at C:\\Users\\kayode\\Desktop\\sdg\\cohort2\\node_modules\\express\\lib\\router\\index.js:281:22\n    at Function.process_params (C:\\Users\\kayode\\Desktop\\sdg\\cohort2\\node_modules\\express\\lib\\router\\index.js:335:12)\n    at next (C:\\Users\\kayode\\Desktop\\sdg\\cohort2\\node_modules\\express\\lib\\router\\index.js:275:10)\n    at Function.handle (C:\\Users\\kayode\\Desktop\\sdg\\cohort2\\node_modules\\express\\lib\\router\\index.js:174:3)\n    at router (C:\\Users\\kayode\\Desktop\\sdg\\cohort2\\node_modules\\express\\lib\\router\\index.js:47:12)\n    at C:\\Users\\kayode\\Desktop\\sdg\\cohort2\\node_modules\\express-async-errors\\index.js:17:17\n    at Layer.handle [as handle_request] (C:\\Users\\kayode\\Desktop\\sdg\\cohort2\\node_modules\\express\\lib\\router\\layer.js:95:5)\n    at trim_prefix (C:\\Users\\kayode\\Desktop\\sdg\\cohort2\\node_modules\\express\\lib\\router\\index.js:317:13)\n    at C:\\Users\\kayode\\Desktop\\sdg\\cohort2\\node_modules\\express\\lib\\router\\index.js:284:7","level":"error","timestamp":"2020-09-16T09:37:36.455Z"}
{"level":"info","message":"Listening for port ....3000","timestamp":"2020-09-16T09:38:45.227Z"}
{"level":"info","message":"MongoDB connection established successfully.....","timestamp":"2020-09-16T09:38:45.724Z"}
{"message":"Cannot read property 'details' of undefined","stack":"TypeError: Cannot read property 'details' of undefined\n    at C:\\Users\\kayode\\Desktop\\sdg\\cohort2\\routes\\users.js:23:50\n    at C:\\Users\\kayode\\Desktop\\sdg\\cohort2\\node_modules\\express-async-errors\\index.js:17:17\n    at Layer.handle [as handle_request] (C:\\Users\\kayode\\Desktop\\sdg\\cohort2\\node_modules\\express\\lib\\router\\layer.js:95:5)\n    at next (C:\\Users\\kayode\\Desktop\\sdg\\cohort2\\node_modules\\express\\lib\\router\\route.js:137:13)\n    at Route.dispatch (C:\\Users\\kayode\\Desktop\\sdg\\cohort2\\node_modules\\express\\lib\\router\\route.js:112:3)\n    at C:\\Users\\kayode\\Desktop\\sdg\\cohort2\\node_modules\\express-async-errors\\index.js:17:17\n    at Layer.handle [as handle_request] (C:\\Users\\kayode\\Desktop\\sdg\\cohort2\\node_modules\\express\\lib\\router\\layer.js:95:5)\n    at C:\\Users\\kayode\\Desktop\\sdg\\cohort2\\node_modules\\express\\lib\\router\\index.js:281:22\n    at Function.process_params (C:\\Users\\kayode\\Desktop\\sdg\\cohort2\\node_modules\\express\\lib\\router\\index.js:335:12)\n    at next (C:\\Users\\kayode\\Desktop\\sdg\\cohort2\\node_modules\\express\\lib\\router\\index.js:275:10)\n    at Function.handle (C:\\Users\\kayode\\Desktop\\sdg\\cohort2\\node_modules\\express\\lib\\router\\index.js:174:3)\n    at router (C:\\Users\\kayode\\Desktop\\sdg\\cohort2\\node_modules\\express\\lib\\router\\index.js:47:12)\n    at C:\\Users\\kayode\\Desktop\\sdg\\cohort2\\node_modules\\express-async-errors\\index.js:17:17\n    at Layer.handle [as handle_request] (C:\\Users\\kayode\\Desktop\\sdg\\cohort2\\node_modules\\express\\lib\\router\\layer.js:95:5)\n    at trim_prefix (C:\\Users\\kayode\\Desktop\\sdg\\cohort2\\node_modules\\express\\lib\\router\\index.js:317:13)\n    at C:\\Users\\kayode\\Desktop\\sdg\\cohort2\\node_modules\\express\\lib\\router\\index.js:284:7","level":"error","timestamp":"2020-09-16T09:38:58.635Z"}
{"level":"info","message":"Listening for port ....3000","timestamp":"2020-09-16T09:40:52.766Z"}
{"level":"info","message":"MongoDB connection established successfully.....","timestamp":"2020-09-16T09:40:53.118Z"}
{"level":"info","message":"Listening for port ....3000","timestamp":"2020-09-16T09:42:05.942Z"}
{"level":"info","message":"MongoDB connection established successfully.....","timestamp":"2020-09-16T09:42:06.390Z"}
{"level":"info","message":"Listening for port ....3000","timestamp":"2020-09-16T09:45:36.804Z"}
{"level":"info","message":"MongoDB connection established successfully.....","timestamp":"2020-09-16T09:45:37.132Z"}
{"message":"Joi.String is not a function","stack":"TypeError: Joi.String is not a function\n    at validate (C:\\Users\\kayode\\Desktop\\sdg\\cohort2\\routes\\auth.js:21:20)\n    at C:\\Users\\kayode\\Desktop\\sdg\\cohort2\\routes\\auth.js:8:23\n    at C:\\Users\\kayode\\Desktop\\sdg\\cohort2\\node_modules\\express-async-errors\\index.js:17:17\n    at Layer.handle [as handle_request] (C:\\Users\\kayode\\Desktop\\sdg\\cohort2\\node_modules\\express\\lib\\router\\layer.js:95:5)\n    at next (C:\\Users\\kayode\\Desktop\\sdg\\cohort2\\node_modules\\express\\lib\\router\\route.js:137:13)\n    at Route.dispatch (C:\\Users\\kayode\\Desktop\\sdg\\cohort2\\node_modules\\express\\lib\\router\\route.js:112:3)\n    at C:\\Users\\kayode\\Desktop\\sdg\\cohort2\\node_modules\\express-async-errors\\index.js:17:17\n    at Layer.handle [as handle_request] (C:\\Users\\kayode\\Desktop\\sdg\\cohort2\\node_modules\\express\\lib\\router\\layer.js:95:5)\n    at C:\\Users\\kayode\\Desktop\\sdg\\cohort2\\node_modules\\express\\lib\\router\\index.js:281:22\n    at Function.process_params (C:\\Users\\kayode\\Desktop\\sdg\\cohort2\\node_modules\\express\\lib\\router\\index.js:335:12)\n    at next (C:\\Users\\kayode\\Desktop\\sdg\\cohort2\\node_modules\\express\\lib\\router\\index.js:275:10)\n    at Function.handle (C:\\Users\\kayode\\Desktop\\sdg\\cohort2\\node_modules\\express\\lib\\router\\index.js:174:3)\n    at router (C:\\Users\\kayode\\Desktop\\sdg\\cohort2\\node_modules\\express\\lib\\router\\index.js:47:12)\n    at C:\\Users\\kayode\\Desktop\\sdg\\cohort2\\node_modules\\express-async-errors\\index.js:17:17\n    at Layer.handle [as handle_request] (C:\\Users\\kayode\\Desktop\\sdg\\cohort2\\node_modules\\express\\lib\\router\\layer.js:95:5)\n    at trim_prefix (C:\\Users\\kayode\\Desktop\\sdg\\cohort2\\node_modules\\express\\lib\\router\\index.js:317:13)","level":"error","timestamp":"2020-09-16T09:47:28.393Z"}
{"level":"info","message":"Listening for port ....3000","timestamp":"2020-09-16T09:48:06.743Z"}
{"level":"info","message":"MongoDB connection established successfully.....","timestamp":"2020-09-16T09:48:07.145Z"}
{"message":"User is not defined","stack":"ReferenceError: User is not defined\n    at C:\\Users\\kayode\\Desktop\\sdg\\cohort2\\routes\\auth.js:11:16\n    at C:\\Users\\kayode\\Desktop\\sdg\\cohort2\\node_modules\\express-async-errors\\index.js:17:17\n    at Layer.handle [as handle_request] (C:\\Users\\kayode\\Desktop\\sdg\\cohort2\\node_modules\\express\\lib\\router\\layer.js:95:5)\n    at next (C:\\Users\\kayode\\Desktop\\sdg\\cohort2\\node_modules\\express\\lib\\router\\route.js:137:13)\n    at Route.dispatch (C:\\Users\\kayode\\Desktop\\sdg\\cohort2\\node_modules\\express\\lib\\router\\route.js:112:3)\n    at C:\\Users\\kayode\\Desktop\\sdg\\cohort2\\node_modules\\express-async-errors\\index.js:17:17\n    at Layer.handle [as handle_request] (C:\\Users\\kayode\\Desktop\\sdg\\cohort2\\node_modules\\express\\lib\\router\\layer.js:95:5)\n    at C:\\Users\\kayode\\Desktop\\sdg\\cohort2\\node_modules\\express\\lib\\router\\index.js:281:22\n    at Function.process_params (C:\\Users\\kayode\\Desktop\\sdg\\cohort2\\node_modules\\express\\lib\\router\\index.js:335:12)\n    at next (C:\\Users\\kayode\\Desktop\\sdg\\cohort2\\node_modules\\express\\lib\\router\\index.js:275:10)\n    at Function.handle (C:\\Users\\kayode\\Desktop\\sdg\\cohort2\\node_modules\\express\\lib\\router\\index.js:174:3)\n    at router (C:\\Users\\kayode\\Desktop\\sdg\\cohort2\\node_modules\\express\\lib\\router\\index.js:47:12)\n    at C:\\Users\\kayode\\Desktop\\sdg\\cohort2\\node_modules\\express-async-errors\\index.js:17:17\n    at Layer.handle [as handle_request] (C:\\Users\\kayode\\Desktop\\sdg\\cohort2\\node_modules\\express\\lib\\router\\layer.js:95:5)\n    at trim_prefix (C:\\Users\\kayode\\Desktop\\sdg\\cohort2\\node_modules\\express\\lib\\router\\index.js:317:13)\n    at C:\\Users\\kayode\\Desktop\\sdg\\cohort2\\node_modules\\express\\lib\\router\\index.js:284:7","level":"error","timestamp":"2020-09-16T09:48:16.107Z"}
{"level":"info","message":"Listening for port ....3000","timestamp":"2020-09-16T09:51:14.227Z"}
{"level":"info","message":"MongoDB connection established successfully.....","timestamp":"2020-09-16T09:51:14.635Z"}
{"message":"secretOrPrivateKey must have a value","stack":"Error: secretOrPrivateKey must have a value\n    at Object.module.exports [as sign] (C:\\Users\\kayode\\Desktop\\sdg\\cohort2\\node_modules\\jsonwebtoken\\sign.js:107:20)\n    at model.userSchema.methods.generateAuthKey (C:\\Users\\kayode\\Desktop\\sdg\\cohort2\\models\\user.js:37:23)\n    at C:\\Users\\kayode\\Desktop\\sdg\\cohort2\\routes\\auth.js:16:24","level":"error","timestamp":"2020-09-16T09:52:12.238Z"}
{"level":"info","message":"Listening for port ....3000","timestamp":"2020-09-16T10:04:42.380Z"}
{"level":"info","message":"MongoDB connection established successfully.....","timestamp":"2020-09-16T10:04:42.825Z"}
{"level":"info","message":"Listening for port ....3000","timestamp":"2020-09-16T10:13:33.732Z"}
{"level":"info","message":"MongoDB connection established successfully.....","timestamp":"2020-09-16T10:13:34.164Z"}
{"message":"User.findByOne is not a function","stack":"TypeError: User.findByOne is not a function\n    at C:\\Users\\kayode\\Desktop\\sdg\\cohort2\\routes\\users.js:11:30\n    at C:\\Users\\kayode\\Desktop\\sdg\\cohort2\\node_modules\\express-async-errors\\index.js:17:17\n    at Layer.handle [as handle_request] (C:\\Users\\kayode\\Desktop\\sdg\\cohort2\\node_modules\\express\\lib\\router\\layer.js:95:5)\n    at next (C:\\Users\\kayode\\Desktop\\sdg\\cohort2\\node_modules\\express\\lib\\router\\route.js:137:13)\n    at module.exports (C:\\Users\\kayode\\Desktop\\sdg\\cohort2\\middleware\\auth.js:12:9)\n    at C:\\Users\\kayode\\Desktop\\sdg\\cohort2\\node_modules\\express-async-errors\\index.js:17:17\n    at Layer.handle [as handle_request] (C:\\Users\\kayode\\Desktop\\sdg\\cohort2\\node_modules\\express\\lib\\router\\layer.js:95:5)\n    at next (C:\\Users\\kayode\\Desktop\\sdg\\cohort2\\node_modules\\express\\lib\\router\\route.js:137:13)\n    at Route.dispatch (C:\\Users\\kayode\\Desktop\\sdg\\cohort2\\node_modules\\express\\lib\\router\\route.js:112:3)\n    at C:\\Users\\kayode\\Desktop\\sdg\\cohort2\\node_modules\\express-async-errors\\index.js:17:17\n    at Layer.handle [as handle_request] (C:\\Users\\kayode\\Desktop\\sdg\\cohort2\\node_modules\\express\\lib\\router\\layer.js:95:5)\n    at C:\\Users\\kayode\\Desktop\\sdg\\cohort2\\node_modules\\express\\lib\\router\\index.js:281:22\n    at Function.process_params (C:\\Users\\kayode\\Desktop\\sdg\\cohort2\\node_modules\\express\\lib\\router\\index.js:335:12)\n    at next (C:\\Users\\kayode\\Desktop\\sdg\\cohort2\\node_modules\\express\\lib\\router\\index.js:275:10)\n    at Function.handle (C:\\Users\\kayode\\Desktop\\sdg\\cohort2\\node_modules\\express\\lib\\router\\index.js:174:3)\n    at router (C:\\Users\\kayode\\Desktop\\sdg\\cohort2\\node_modules\\express\\lib\\router\\index.js:47:12)","level":"error","timestamp":"2020-09-16T10:44:29.769Z"}
{"level":"info","message":"Listening for port ....3000","timestamp":"2020-09-16T10:45:44.166Z"}
{"level":"info","message":"MongoDB connection established successfully.....","timestamp":"2020-09-16T10:45:44.856Z"}
{"message":"Parameter \"filter\" to findOne() must be an object, got 5f61ddafb20a2810f0ce13c8","stack":"ObjectParameterError: Parameter \"filter\" to findOne() must be an object, got 5f61ddafb20a2810f0ce13c8\n    at model.Query.Query.findOne (C:\\Users\\kayode\\Desktop\\sdg\\cohort2\\node_modules\\mongoose\\lib\\query.js:2217:16)\n    at Function.findOne (C:\\Users\\kayode\\Desktop\\sdg\\cohort2\\node_modules\\mongoose\\lib\\model.js:2163:13)\n    at C:\\Users\\kayode\\Desktop\\sdg\\cohort2\\routes\\users.js:11:30\n    at C:\\Users\\kayode\\Desktop\\sdg\\cohort2\\node_modules\\express-async-errors\\index.js:17:17\n    at Layer.handle [as handle_request] (C:\\Users\\kayode\\Desktop\\sdg\\cohort2\\node_modules\\express\\lib\\router\\layer.js:95:5)\n    at next (C:\\Users\\kayode\\Desktop\\sdg\\cohort2\\node_modules\\express\\lib\\router\\route.js:137:13)\n    at module.exports (C:\\Users\\kayode\\Desktop\\sdg\\cohort2\\middleware\\auth.js:12:9)\n    at C:\\Users\\kayode\\Desktop\\sdg\\cohort2\\node_modules\\express-async-errors\\index.js:17:17\n    at Layer.handle [as handle_request] (C:\\Users\\kayode\\Desktop\\sdg\\cohort2\\node_modules\\express\\lib\\router\\layer.js:95:5)\n    at next (C:\\Users\\kayode\\Desktop\\sdg\\cohort2\\node_modules\\express\\lib\\router\\route.js:137:13)\n    at Route.dispatch (C:\\Users\\kayode\\Desktop\\sdg\\cohort2\\node_modules\\express\\lib\\router\\route.js:112:3)\n    at C:\\Users\\kayode\\Desktop\\sdg\\cohort2\\node_modules\\express-async-errors\\index.js:17:17\n    at Layer.handle [as handle_request] (C:\\Users\\kayode\\Desktop\\sdg\\cohort2\\node_modules\\express\\lib\\router\\layer.js:95:5)\n    at C:\\Users\\kayode\\Desktop\\sdg\\cohort2\\node_modules\\express\\lib\\router\\index.js:281:22\n    at Function.process_params (C:\\Users\\kayode\\Desktop\\sdg\\cohort2\\node_modules\\express\\lib\\router\\index.js:335:12)\n    at next (C:\\Users\\kayode\\Desktop\\sdg\\cohort2\\node_modules\\express\\lib\\router\\index.js:275:10)","level":"error","timestamp":"2020-09-16T10:47:14.874Z"}
{"level":"info","message":"Listening for port ....3000","timestamp":"2020-09-16T10:49:07.179Z"}
{"level":"info","message":"MongoDB connection established successfully.....","timestamp":"2020-09-16T10:49:07.367Z"}
{"message":"Parameter \"filter\" to findOne() must be an object, got 5f61ddafb20a2810f0ce13c8","stack":"ObjectParameterError: Parameter \"filter\" to findOne() must be an object, got 5f61ddafb20a2810f0ce13c8\n    at model.Query.Query.findOne (C:\\Users\\kayode\\Desktop\\sdg\\cohort2\\node_modules\\mongoose\\lib\\query.js:2217:16)\n    at Function.findOne (C:\\Users\\kayode\\Desktop\\sdg\\cohort2\\node_modules\\mongoose\\lib\\model.js:2163:13)\n    at C:\\Users\\kayode\\Desktop\\sdg\\cohort2\\routes\\users.js:11:30\n    at C:\\Users\\kayode\\Desktop\\sdg\\cohort2\\node_modules\\express-async-errors\\index.js:17:17\n    at Layer.handle [as handle_request] (C:\\Users\\kayode\\Desktop\\sdg\\cohort2\\node_modules\\express\\lib\\router\\layer.js:95:5)\n    at next (C:\\Users\\kayode\\Desktop\\sdg\\cohort2\\node_modules\\express\\lib\\router\\route.js:137:13)\n    at module.exports (C:\\Users\\kayode\\Desktop\\sdg\\cohort2\\middleware\\auth.js:14:9)\n    at C:\\Users\\kayode\\Desktop\\sdg\\cohort2\\node_modules\\express-async-errors\\index.js:17:17\n    at Layer.handle [as handle_request] (C:\\Users\\kayode\\Desktop\\sdg\\cohort2\\node_modules\\express\\lib\\router\\layer.js:95:5)\n    at next (C:\\Users\\kayode\\Desktop\\sdg\\cohort2\\node_modules\\express\\lib\\router\\route.js:137:13)\n    at Route.dispatch (C:\\Users\\kayode\\Desktop\\sdg\\cohort2\\node_modules\\express\\lib\\router\\route.js:112:3)\n    at C:\\Users\\kayode\\Desktop\\sdg\\cohort2\\node_modules\\express-async-errors\\index.js:17:17\n    at Layer.handle [as handle_request] (C:\\Users\\kayode\\Desktop\\sdg\\cohort2\\node_modules\\express\\lib\\router\\layer.js:95:5)\n    at C:\\Users\\kayode\\Desktop\\sdg\\cohort2\\node_modules\\express\\lib\\router\\index.js:281:22\n    at Function.process_params (C:\\Users\\kayode\\Desktop\\sdg\\cohort2\\node_modules\\express\\lib\\router\\index.js:335:12)\n    at next (C:\\Users\\kayode\\Desktop\\sdg\\cohort2\\node_modules\\express\\lib\\router\\index.js:275:10)","level":"error","timestamp":"2020-09-16T10:49:13.799Z"}
{"level":"info","message":"Listening for port ....3000","timestamp":"2020-09-16T10:51:07.068Z"}
{"level":"info","message":"MongoDB connection established successfully.....","timestamp":"2020-09-16T10:51:07.267Z"}
{"level":"info","message":"Listening for port ....3000","timestamp":"2020-09-16T12:51:58.908Z"}
{"level":"info","message":"Listening for port ....3000","timestamp":"2020-09-16T12:54:24.051Z"}
{"level":"info","message":"MongoDB connection established successfully.....","timestamp":"2020-09-16T12:54:25.362Z"}
{"level":"info","message":"Listening for port ....3000","timestamp":"2020-09-17T14:43:52.182Z"}
{"level":"info","message":"MongoDB connection established successfully.....","timestamp":"2020-09-17T14:43:53.767Z"}
{"level":"info","message":"Listening for port ....3000","timestamp":"2020-09-17T14:46:42.373Z"}
{"level":"info","message":"MongoDB connection established successfully.....","timestamp":"2020-09-17T14:46:42.593Z"}
{"level":"info","message":"Listening for port ....3000","timestamp":"2020-09-18T13:36:49.914Z"}
{"level":"info","message":"MongoDB connection established successfully.....","timestamp":"2020-09-18T13:36:52.563Z"}
{"level":"info","message":"Listening for port ....3000","timestamp":"2020-09-18T14:28:49.407Z"}
{"level":"info","message":"Listening for port ....3000","timestamp":"2020-09-18T14:30:05.092Z"}
{"level":"info","message":"MongoDB connection established successfully.....","timestamp":"2020-09-18T14:30:05.845Z"}
{"level":"info","message":"Listening for port ....3000","timestamp":"2020-09-18T14:37:12.908Z"}
{"level":"info","message":"MongoDB connection established successfully.....","timestamp":"2020-09-18T14:37:13.321Z"}
{"level":"info","message":"Listening for port ....3000","timestamp":"2020-09-18T14:38:56.163Z"}
{"level":"info","message":"MongoDB connection established successfully.....","timestamp":"2020-09-18T14:38:56.551Z"}
{"level":"info","message":"Listening for port ....3000","timestamp":"2020-09-18T14:55:53.521Z"}
{"level":"info","message":"MongoDB connection established successfully.....","timestamp":"2020-09-18T14:55:54.013Z"}
{"level":"info","message":"Listening for port ....3000","timestamp":"2020-09-18T15:05:56.729Z"}
{"level":"info","message":"MongoDB connection established successfully.....","timestamp":"2020-09-18T15:05:57.347Z"}
{"level":"info","message":"Listening for port ....3000","timestamp":"2020-09-21T11:47:41.597Z"}
{"level":"info","message":"Listening for port ....3000","timestamp":"2020-09-21T11:48:06.931Z"}
{"level":"info","message":"MongoDB connection established successfully.....","timestamp":"2020-09-21T11:48:08.904Z"}
{"level":"info","message":"Listening for port ....3000","timestamp":"2020-09-23T10:31:08.503Z"}
{"level":"info","message":"Listening for port ....3000","timestamp":"2020-09-23T10:37:07.939Z"}
{"level":"info","message":"MongoDB connection established successfully.....","timestamp":"2020-09-23T10:37:14.529Z"}
{"level":"info","message":"Listening for port ....3000","timestamp":"2020-09-23T10:59:10.926Z"}
{"level":"info","message":"MongoDB connection established successfully.....","timestamp":"2020-09-23T10:59:11.383Z"}
{"level":"info","message":"Listening for port ....3000","timestamp":"2020-09-24T15:39:35.439Z"}
{"level":"info","message":"Listening for port ....3000","timestamp":"2020-09-24T15:41:59.756Z"}
{"level":"info","message":"MongoDB connection established successfully.....","timestamp":"2020-09-24T15:42:02.566Z"}
{"level":"info","message":"Listening for port ....3000","timestamp":"2020-09-24T15:51:03.985Z"}
{"level":"info","message":"MongoDB connection established successfully.....","timestamp":"2020-09-24T15:51:04.526Z"}
{"level":"info","message":"Listening for port ....3000","timestamp":"2020-09-24T16:02:20.595Z"}
{"level":"info","message":"MongoDB connection established successfully.....","timestamp":"2020-09-24T16:02:21.038Z"}
{"level":"info","message":"Listening for port ....3000","timestamp":"2020-09-24T16:02:55.491Z"}
{"level":"info","message":"MongoDB connection established successfully.....","timestamp":"2020-09-24T16:02:55.827Z"}
{"level":"info","message":"Listening for port ....3000","timestamp":"2020-09-24T16:07:23.830Z"}
{"level":"info","message":"MongoDB connection established successfully.....","timestamp":"2020-09-24T16:07:24.292Z"}
{"level":"info","message":"Listening for port ....3000","timestamp":"2020-09-24T16:10:47.993Z"}
{"level":"info","message":"MongoDB connection established successfully.....","timestamp":"2020-09-24T16:10:48.503Z"}
{"level":"info","message":"Listening for port ....3000","timestamp":"2020-09-24T16:24:55.416Z"}
{"level":"info","message":"MongoDB connection established successfully.....","timestamp":"2020-09-24T16:24:55.793Z"}
{"level":"info","message":"Listening for port ....3000","timestamp":"2020-09-24T16:29:43.408Z"}
{"level":"info","message":"MongoDB connection established successfully.....","timestamp":"2020-09-24T16:29:43.694Z"}
{"level":"info","message":"Listening for port ....3000","timestamp":"2020-09-24T16:32:26.184Z"}
{"level":"info","message":"MongoDB connection established successfully.....","timestamp":"2020-09-24T16:32:26.559Z"}
{"level":"info","message":"Listening for port ....3000","timestamp":"2020-09-24T16:33:37.557Z"}
{"level":"info","message":"MongoDB connection established successfully.....","timestamp":"2020-09-24T16:33:37.872Z"}
{"level":"info","message":"Listening for port ....3000","timestamp":"2020-09-24T16:44:32.965Z"}
{"level":"info","message":"MongoDB connection established successfully.....","timestamp":"2020-09-24T16:44:33.546Z"}
{"level":"info","message":"Listening for port ....3000","timestamp":"2020-09-24T16:48:28.815Z"}
{"level":"info","message":"Listening for port ....3000","timestamp":"2020-09-24T16:50:02.550Z"}
{"level":"info","message":"Listening for port ....3000","timestamp":"2020-09-24T16:53:59.542Z"}
{"level":"info","message":"Listening for port ....3000","timestamp":"2020-09-24T16:58:11.739Z"}
{"level":"info","message":"MongoDB connection established successfully.....","timestamp":"2020-09-24T16:58:12.057Z"}
{"level":"info","message":"Listening for port ....3000","timestamp":"2020-09-24T17:03:52.238Z"}
{"level":"info","message":"MongoDB connection established successfully.....","timestamp":"2020-09-24T17:03:52.694Z"}
{"level":"info","message":"Listening for port ....3000","timestamp":"2020-09-24T17:07:09.110Z"}
{"level":"info","message":"MongoDB connection established successfully.....","timestamp":"2020-09-24T17:07:09.395Z"}
{"level":"info","message":"Listening for port ....3000","timestamp":"2020-09-24T17:08:43.267Z"}
{"level":"info","message":"MongoDB connection established successfully.....","timestamp":"2020-09-24T17:08:43.549Z"}
{"level":"info","message":"Listening for port ....3000","timestamp":"2020-09-24T17:09:49.194Z"}
{"level":"info","message":"MongoDB connection established successfully.....","timestamp":"2020-09-24T17:09:49.819Z"}
{"level":"info","message":"Listening for port ....3000","timestamp":"2020-09-24T17:10:46.323Z"}
{"level":"info","message":"MongoDB connection established successfully.....","timestamp":"2020-09-24T17:10:46.982Z"}
{"level":"info","message":"Listening for port ....3000","timestamp":"2020-09-24T17:15:59.590Z"}
{"level":"info","message":"MongoDB connection established successfully.....","timestamp":"2020-09-24T17:15:59.875Z"}
{"level":"info","message":"Listening for port ....3000","timestamp":"2020-09-24T17:27:02.377Z"}
{"level":"info","message":"MongoDB connection established successfully.....","timestamp":"2020-09-24T17:27:02.664Z"}
{"level":"info","message":"Listening for port ....3000","timestamp":"2020-09-24T17:30:46.650Z"}
{"level":"info","message":"MongoDB connection established successfully.....","timestamp":"2020-09-24T17:30:47.117Z"}
{"level":"info","message":"Listening for port ....3000","timestamp":"2020-09-24T17:33:29.900Z"}
{"level":"info","message":"MongoDB connection established successfully.....","timestamp":"2020-09-24T17:33:30.255Z"}
{"level":"info","message":"Listening for port ....3000","timestamp":"2020-09-24T17:35:25.071Z"}
{"level":"info","message":"MongoDB connection established successfully.....","timestamp":"2020-09-24T17:35:25.730Z"}
{"level":"info","message":"Listening for port ....3000","timestamp":"2020-09-24T17:38:51.625Z"}
{"level":"info","message":"MongoDB connection established successfully.....","timestamp":"2020-09-24T17:38:51.992Z"}
{"level":"info","message":"Listening for port ....3000","timestamp":"2020-09-24T17:41:45.728Z"}
{"level":"info","message":"MongoDB connection established successfully.....","timestamp":"2020-09-24T17:41:46.032Z"}
{"level":"info","message":"Listening for port ....3000","timestamp":"2020-09-24T17:44:36.857Z"}
{"level":"info","message":"MongoDB connection established successfully.....","timestamp":"2020-09-24T17:44:37.220Z"}
{"level":"info","message":"Listening for port ....3000","timestamp":"2020-09-24T17:46:13.745Z"}
{"level":"info","message":"MongoDB connection established successfully.....","timestamp":"2020-09-24T17:46:14.087Z"}
{"level":"info","message":"Listening for port ....3000","timestamp":"2020-09-24T17:56:39.943Z"}
{"level":"info","message":"MongoDB connection established successfully.....","timestamp":"2020-09-24T17:56:40.301Z"}
{"level":"info","message":"Listening for port ....3000","timestamp":"2020-09-24T18:07:05.866Z"}
{"level":"info","message":"MongoDB connection established successfully.....","timestamp":"2020-09-24T18:07:06.484Z"}
{"level":"info","message":"Listening for port ....3000","timestamp":"2020-09-24T18:50:35.897Z"}
{"level":"info","message":"Listening for port ....3000","timestamp":"2020-09-24T18:51:07.000Z"}
{"level":"info","message":"MongoDB connection established successfully.....","timestamp":"2020-09-24T18:51:07.385Z"}
{"level":"info","message":"Listening for port ....3000","timestamp":"2020-09-24T18:56:01.123Z"}
{"level":"info","message":"MongoDB connection established successfully.....","timestamp":"2020-09-24T18:56:02.272Z"}
{"level":"info","message":"Listening for port ....3000","timestamp":"2020-09-24T18:58:29.890Z"}
{"level":"info","message":"MongoDB connection established successfully.....","timestamp":"2020-09-24T18:58:30.423Z"}
{"level":"info","message":"Listening for port ....3000","timestamp":"2020-09-24T19:13:08.895Z"}
{"level":"info","message":"MongoDB connection established successfully.....","timestamp":"2020-09-24T19:13:09.385Z"}
{"level":"info","message":"Listening for port ....3000","timestamp":"2020-09-24T19:36:30.994Z"}
{"level":"info","message":"MongoDB connection established successfully.....","timestamp":"2020-09-24T19:36:32.336Z"}
{"level":"info","message":"Listening for port ....3000","timestamp":"2020-09-24T19:38:08.017Z"}
{"level":"info","message":"MongoDB connection established successfully.....","timestamp":"2020-09-24T19:38:08.615Z"}
{"level":"info","message":"Listening for port ....3000","timestamp":"2020-09-24T19:49:36.836Z"}
{"level":"info","message":"MongoDB connection established successfully.....","timestamp":"2020-09-24T19:49:37.362Z"}
{"level":"info","message":"Listening for port ....3000","timestamp":"2020-09-24T19:52:28.790Z"}
{"level":"info","message":"MongoDB connection established successfully.....","timestamp":"2020-09-24T19:52:29.229Z"}
{"level":"info","message":"Listening for port ....3000","timestamp":"2020-09-25T10:12:28.947Z"}
{"level":"info","message":"MongoDB connection established successfully.....","timestamp":"2020-09-25T10:12:30.058Z"}
{"level":"info","message":"Listening for port ....3000","timestamp":"2020-09-25T10:15:05.675Z"}
{"level":"info","message":"MongoDB connection established successfully.....","timestamp":"2020-09-25T10:15:08.341Z"}
{"level":"info","message":"Listening for port ....3000","timestamp":"2020-09-25T10:53:12.227Z"}
{"level":"info","message":"MongoDB connection established successfully.....","timestamp":"2020-09-25T10:53:12.524Z"}
{"level":"info","message":"Listening for port ....3000","timestamp":"2020-09-25T11:03:53.641Z"}
{"level":"info","message":"MongoDB connection established successfully.....","timestamp":"2020-09-25T11:03:54.620Z"}
{"level":"info","message":"Listening for port ....3000","timestamp":"2020-09-25T11:04:12.868Z"}
{"level":"info","message":"MongoDB connection established successfully.....","timestamp":"2020-09-25T11:04:13.424Z"}
{"level":"info","message":"Listening for port ....3000","timestamp":"2020-09-25T11:05:22.597Z"}
{"level":"info","message":"MongoDB connection established successfully.....","timestamp":"2020-09-25T11:05:23.443Z"}
{"level":"info","message":"Listening for port ....3000","timestamp":"2020-09-25T11:12:22.730Z"}
{"level":"info","message":"MongoDB connection established successfully.....","timestamp":"2020-09-25T11:12:23.199Z"}
{"level":"info","message":"Listening for port ....3000","timestamp":"2020-09-25T11:29:01.485Z"}
{"level":"info","message":"MongoDB connection established successfully.....","timestamp":"2020-09-25T11:29:01.800Z"}
{"level":"info","message":"Listening for port ....3000","timestamp":"2020-09-25T11:34:46.185Z"}
{"level":"info","message":"MongoDB connection established successfully.....","timestamp":"2020-09-25T11:34:56.747Z"}
{"level":"info","message":"Listening for port ....3000","timestamp":"2020-09-25T11:49:26.585Z"}
{"level":"info","message":"MongoDB connection established successfully.....","timestamp":"2020-09-25T11:49:27.002Z"}
{"level":"info","message":"Listening for port ....3000","timestamp":"2020-09-25T11:51:33.770Z"}
{"level":"info","message":"MongoDB connection established successfully.....","timestamp":"2020-09-25T11:51:34.093Z"}
{"level":"info","message":"Listening for port ....3000","timestamp":"2020-09-25T11:55:21.238Z"}
{"level":"info","message":"MongoDB connection established successfully.....","timestamp":"2020-09-25T11:55:21.547Z"}
{"level":"info","message":"Listening for port ....3000","timestamp":"2020-09-25T12:01:58.306Z"}
{"level":"info","message":"MongoDB connection established successfully.....","timestamp":"2020-09-25T12:01:58.619Z"}
{"level":"info","message":"Listening for port ....3000","timestamp":"2020-09-25T12:06:10.480Z"}
{"level":"info","message":"MongoDB connection established successfully.....","timestamp":"2020-09-25T12:06:11.916Z"}
{"level":"info","message":"Listening for port ....3000","timestamp":"2020-09-25T12:06:29.320Z"}
{"level":"info","message":"MongoDB connection established successfully.....","timestamp":"2020-09-25T12:06:29.576Z"}
{"level":"info","message":"Listening for port ....3000","timestamp":"2020-09-25T12:14:43.324Z"}
{"level":"info","message":"Listening for port ....3000","timestamp":"2020-09-25T12:16:16.641Z"}
{"level":"info","message":"MongoDB connection established successfully.....","timestamp":"2020-09-25T12:16:17.055Z"}
{"level":"info","message":"Listening for port ....3000","timestamp":"2020-09-26T12:37:55.124Z"}
{"level":"info","message":"MongoDB connection established successfully.....","timestamp":"2020-09-26T12:37:56.732Z"}
{"level":"info","message":"Listening for port ....3000","timestamp":"2020-09-26T12:45:22.700Z"}
{"level":"info","message":"MongoDB connection established successfully.....","timestamp":"2020-09-26T12:45:23.366Z"}
{"level":"info","message":"Listening for port ....3000","timestamp":"2020-09-26T12:47:45.326Z"}
{"level":"info","message":"MongoDB connection established successfully.....","timestamp":"2020-09-26T12:47:46.154Z"}
{"level":"info","message":"Listening for port ....3000","timestamp":"2020-09-26T13:18:54.589Z"}
{"level":"info","message":"MongoDB connection established successfully.....","timestamp":"2020-09-26T13:18:55.731Z"}
{"level":"info","message":"Listening for port ....3000","timestamp":"2020-09-26T13:34:59.629Z"}
{"level":"info","message":"MongoDB connection established successfully.....","timestamp":"2020-09-26T13:35:00.309Z"}
{"level":"info","message":"Listening for port ....3000","timestamp":"2020-09-26T13:37:16.086Z"}
{"level":"info","message":"MongoDB connection established successfully.....","timestamp":"2020-09-26T13:37:16.601Z"}
{"level":"info","message":"Listening for port ....3000","timestamp":"2020-09-26T13:38:18.243Z"}
{"level":"info","message":"MongoDB connection established successfully.....","timestamp":"2020-09-26T13:38:18.585Z"}
{"level":"info","message":"Listening for port ....3000","timestamp":"2020-09-26T13:48:16.843Z"}
{"level":"info","message":"MongoDB connection established successfully.....","timestamp":"2020-09-26T13:48:16.997Z"}
{"level":"info","message":"Listening for port ....3000","timestamp":"2020-09-26T13:52:45.139Z"}
{"level":"info","message":"MongoDB connection established successfully.....","timestamp":"2020-09-26T13:52:45.329Z"}
{"level":"info","message":"Listening for port ....3000","timestamp":"2020-09-26T13:54:05.290Z"}
{"level":"info","message":"MongoDB connection established successfully.....","timestamp":"2020-09-26T13:54:05.652Z"}
{"level":"info","message":"Listening for port ....3000","timestamp":"2020-09-26T13:59:25.581Z"}
{"level":"info","message":"MongoDB connection established successfully.....","timestamp":"2020-09-26T13:59:25.929Z"}
{"level":"info","message":"Listening for port ....3000","timestamp":"2020-09-26T14:02:43.535Z"}
{"level":"info","message":"MongoDB connection established successfully.....","timestamp":"2020-09-26T14:02:43.741Z"}
{"level":"info","message":"Listening for port ....3000","timestamp":"2020-09-26T14:04:49.225Z"}
{"level":"info","message":"MongoDB connection established successfully.....","timestamp":"2020-09-26T14:04:49.654Z"}
{"level":"info","message":"Listening for port ....3000","timestamp":"2020-09-26T14:09:47.720Z"}
{"level":"info","message":"MongoDB connection established successfully.....","timestamp":"2020-09-26T14:09:47.896Z"}
{"level":"info","message":"Listening for port ....3000","timestamp":"2020-09-26T14:11:44.220Z"}
{"level":"info","message":"MongoDB connection established successfully.....","timestamp":"2020-09-26T14:11:44.443Z"}
{"level":"info","message":"Listening for port ....3000","timestamp":"2020-09-26T14:14:08.111Z"}
{"level":"info","message":"MongoDB connection established successfully.....","timestamp":"2020-09-26T14:14:08.362Z"}
{"level":"info","message":"Listening for port ....3000","timestamp":"2020-09-26T14:16:15.476Z"}
{"level":"info","message":"MongoDB connection established successfully.....","timestamp":"2020-09-26T14:16:15.669Z"}
{"level":"info","message":"Listening for port ....3000","timestamp":"2020-09-26T14:18:58.751Z"}
{"level":"info","message":"MongoDB connection established successfully.....","timestamp":"2020-09-26T14:18:58.964Z"}
{"level":"info","message":"Listening for port ....3000","timestamp":"2020-09-26T14:20:00.325Z"}
{"level":"info","message":"MongoDB connection established successfully.....","timestamp":"2020-09-26T14:20:00.552Z"}
{"level":"info","message":"Listening for port ....3000","timestamp":"2020-09-26T14:22:19.668Z"}
{"level":"info","message":"MongoDB connection established successfully.....","timestamp":"2020-09-26T14:22:19.989Z"}
{"level":"info","message":"Listening for port ....3000","timestamp":"2020-09-26T14:23:48.287Z"}
{"level":"info","message":"MongoDB connection established successfully.....","timestamp":"2020-09-26T14:23:48.813Z"}
{"level":"info","message":"Listening for port ....3000","timestamp":"2020-09-26T14:23:59.652Z"}
{"level":"info","message":"MongoDB connection established successfully.....","timestamp":"2020-09-26T14:23:59.834Z"}
{"level":"info","message":"Listening for port ....3000","timestamp":"2020-09-26T14:29:35.708Z"}
{"level":"info","message":"MongoDB connection established successfully.....","timestamp":"2020-09-26T14:29:35.864Z"}
{"level":"info","message":"Listening for port ....3000","timestamp":"2020-09-27T11:37:07.219Z"}
{"level":"info","message":"MongoDB connection established successfully.....","timestamp":"2020-09-27T11:37:18.853Z"}
{"level":"info","message":"Listening for port ....3000","timestamp":"2020-09-27T12:39:12.419Z"}
{"level":"info","message":"MongoDB connection established successfully.....","timestamp":"2020-09-27T12:39:12.576Z"}
{"level":"info","message":"Listening for port ....3000","timestamp":"2020-09-27T12:44:21.941Z"}
{"level":"info","message":"MongoDB connection established successfully.....","timestamp":"2020-09-27T12:44:22.344Z"}
{"level":"info","message":"Listening for port ....3000","timestamp":"2020-09-27T13:01:02.423Z"}
{"level":"info","message":"MongoDB connection established successfully.....","timestamp":"2020-09-27T13:01:02.679Z"}
{"level":"info","message":"Listening for port ....3000","timestamp":"2020-09-27T13:38:22.456Z"}
{"level":"info","message":"MongoDB connection established successfully.....","timestamp":"2020-09-27T13:38:23.124Z"}
{"level":"info","message":"Listening for port ....3000","timestamp":"2020-09-27T14:03:34.335Z"}
{"level":"info","message":"MongoDB connection established successfully.....","timestamp":"2020-09-27T14:03:34.741Z"}
{"level":"info","message":"Listening for port ....3000","timestamp":"2020-09-27T14:05:02.234Z"}
{"level":"info","message":"MongoDB connection established successfully.....","timestamp":"2020-09-27T14:05:02.612Z"}
{"level":"info","message":"Listening for port ....3000","timestamp":"2020-09-27T14:13:46.374Z"}
{"level":"info","message":"MongoDB connection established successfully.....","timestamp":"2020-09-27T14:13:46.670Z"}
{"level":"info","message":"Listening for port ....3000","timestamp":"2020-09-27T15:03:24.552Z"}
{"level":"info","message":"MongoDB connection established successfully.....","timestamp":"2020-09-27T15:03:24.834Z"}
{"level":"info","message":"Listening for port ....3000","timestamp":"2020-10-01T19:48:23.218Z"}
{"level":"info","message":"MongoDB connection established successfully.....","timestamp":"2020-10-01T19:48:37.401Z"}
{"level":"info","message":"Listening for port ....3000","timestamp":"2020-10-01T20:09:46.230Z"}
{"level":"info","message":"MongoDB connection established successfully.....","timestamp":"2020-10-01T20:09:46.647Z"}
{"level":"info","message":"Listening for port ....3000","timestamp":"2020-10-01T20:11:59.246Z"}
{"level":"info","message":"MongoDB connection established successfully.....","timestamp":"2020-10-01T20:11:59.411Z"}
{"level":"info","message":"Listening for port ....3000","timestamp":"2020-10-01T20:16:14.565Z"}
{"level":"info","message":"MongoDB connection established successfully.....","timestamp":"2020-10-01T20:16:15.133Z"}
{"level":"info","message":"Listening for port ....3000","timestamp":"2020-10-01T20:21:15.469Z"}
{"level":"info","message":"MongoDB connection established successfully.....","timestamp":"2020-10-01T20:21:15.666Z"}
{"level":"info","message":"Listening for port ....3000","timestamp":"2020-10-01T20:23:09.254Z"}
{"level":"info","message":"MongoDB connection established successfully.....","timestamp":"2020-10-01T20:23:09.435Z"}
{"level":"info","message":"Listening for port ....3000","timestamp":"2020-10-01T20:26:32.864Z"}
{"level":"info","message":"MongoDB connection established successfully.....","timestamp":"2020-10-01T20:26:33.211Z"}
{"level":"info","message":"Listening for port ....3000","timestamp":"2020-10-01T20:27:16.617Z"}
{"level":"info","message":"MongoDB connection established successfully.....","timestamp":"2020-10-01T20:27:16.973Z"}
{"level":"info","message":"Listening for port ....3000","timestamp":"2020-10-01T20:32:38.452Z"}
{"level":"info","message":"MongoDB connection established successfully.....","timestamp":"2020-10-01T20:32:38.840Z"}
{"level":"info","message":"Listening for port ....3000","timestamp":"2020-10-01T20:35:18.342Z"}
{"level":"info","message":"MongoDB connection established successfully.....","timestamp":"2020-10-01T20:35:18.695Z"}
{"level":"info","message":"Listening for port ....3000","timestamp":"2020-10-01T20:42:19.787Z"}
{"level":"info","message":"MongoDB connection established successfully.....","timestamp":"2020-10-01T20:42:20.109Z"}
{"level":"info","message":"Listening for port ....3000","timestamp":"2020-10-02T06:39:38.782Z"}
{"level":"info","message":"MongoDB connection established successfully.....","timestamp":"2020-10-02T06:39:40.935Z"}
{"level":"info","message":"Listening for port ....3000","timestamp":"2020-10-02T06:58:40.724Z"}
{"level":"info","message":"MongoDB connection established successfully.....","timestamp":"2020-10-02T06:58:40.940Z"}
{"level":"info","message":"Listening for port ....3000","timestamp":"2020-10-02T06:59:31.830Z"}
{"level":"info","message":"MongoDB connection established successfully.....","timestamp":"2020-10-02T06:59:32.065Z"}
{"level":"info","message":"Listening for port ....3000","timestamp":"2020-10-02T07:01:18.723Z"}
{"level":"info","message":"MongoDB connection established successfully.....","timestamp":"2020-10-02T07:01:18.955Z"}
{"level":"info","message":"Listening for port ....3000","timestamp":"2020-10-02T07:03:32.646Z"}
{"level":"info","message":"MongoDB connection established successfully.....","timestamp":"2020-10-02T07:03:32.892Z"}
{"level":"info","message":"Listening for port ....3000","timestamp":"2020-10-02T07:29:13.655Z"}
{"level":"info","message":"MongoDB connection established successfully.....","timestamp":"2020-10-02T07:29:29.440Z"}
{"level":"info","message":"Listening for port ....3000","timestamp":"2020-10-02T07:40:40.316Z"}
{"level":"info","message":"MongoDB connection established successfully.....","timestamp":"2020-10-02T07:40:40.499Z"}
{"level":"info","message":"Listening for port ....3000","timestamp":"2020-10-02T07:42:36.378Z"}
{"level":"info","message":"MongoDB connection established successfully.....","timestamp":"2020-10-02T07:42:36.609Z"}
{"level":"info","message":"Listening for port ....3000","timestamp":"2020-10-02T07:44:32.151Z"}
{"level":"info","message":"MongoDB connection established successfully.....","timestamp":"2020-10-02T07:44:32.342Z"}
{"level":"info","message":"Listening for port ....3000","timestamp":"2020-10-02T07:48:16.395Z"}
{"level":"info","message":"MongoDB connection established successfully.....","timestamp":"2020-10-02T07:48:16.610Z"}
{"level":"info","message":"Listening for port ....3000","timestamp":"2020-10-02T07:52:58.860Z"}
{"level":"info","message":"MongoDB connection established successfully.....","timestamp":"2020-10-02T07:52:59.092Z"}
{"level":"info","message":"Listening for port ....3000","timestamp":"2020-10-02T07:53:37.261Z"}
{"level":"info","message":"MongoDB connection established successfully.....","timestamp":"2020-10-02T07:53:37.482Z"}
{"level":"info","message":"Listening for port ....3000","timestamp":"2020-10-02T07:55:34.280Z"}
{"level":"info","message":"MongoDB connection established successfully.....","timestamp":"2020-10-02T07:55:34.657Z"}
{"level":"info","message":"Listening for port ....3000","timestamp":"2020-10-02T07:57:07.479Z"}
{"level":"info","message":"MongoDB connection established successfully.....","timestamp":"2020-10-02T07:57:08.068Z"}
{"level":"info","message":"Listening for port ....3000","timestamp":"2020-10-02T07:57:55.400Z"}
{"level":"info","message":"MongoDB connection established successfully.....","timestamp":"2020-10-02T07:57:55.813Z"}
{"level":"info","message":"Listening for port ....3000","timestamp":"2020-10-02T08:01:40.627Z"}
{"level":"info","message":"MongoDB connection established successfully.....","timestamp":"2020-10-02T08:01:40.943Z"}
{"level":"info","message":"Listening for port ....3000","timestamp":"2020-10-02T08:02:23.829Z"}
{"level":"info","message":"MongoDB connection established successfully.....","timestamp":"2020-10-02T08:02:24.201Z"}
{"level":"info","message":"Listening for port ....3000","timestamp":"2020-10-02T08:05:11.338Z"}
{"level":"info","message":"MongoDB connection established successfully.....","timestamp":"2020-10-02T08:05:11.938Z"}
{"level":"info","message":"Listening for port ....3000","timestamp":"2020-10-02T08:06:43.928Z"}
{"level":"info","message":"MongoDB connection established successfully.....","timestamp":"2020-10-02T08:06:44.333Z"}
{"level":"info","message":"Listening for port ....3000","timestamp":"2020-10-02T08:07:51.068Z"}
{"level":"info","message":"MongoDB connection established successfully.....","timestamp":"2020-10-02T08:07:51.396Z"}
{"level":"info","message":"Listening for port ....3000","timestamp":"2020-10-02T08:09:50.493Z"}
{"level":"info","message":"MongoDB connection established successfully.....","timestamp":"2020-10-02T08:09:50.965Z"}
{"level":"info","message":"Listening for port ....3000","timestamp":"2020-10-02T08:12:38.744Z"}
{"level":"info","message":"MongoDB connection established successfully.....","timestamp":"2020-10-02T08:12:39.268Z"}
{"level":"info","message":"Listening for port ....3000","timestamp":"2020-10-02T08:17:55.485Z"}
{"level":"info","message":"MongoDB connection established successfully.....","timestamp":"2020-10-02T08:17:55.839Z"}
{"level":"info","message":"Listening for port ....3000","timestamp":"2020-10-02T08:23:54.844Z"}
{"level":"info","message":"MongoDB connection established successfully.....","timestamp":"2020-10-02T08:23:55.104Z"}
{"level":"info","message":"Listening for port ....3000","timestamp":"2020-10-02T08:25:27.767Z"}
{"level":"info","message":"MongoDB connection established successfully.....","timestamp":"2020-10-02T08:25:27.999Z"}
{"level":"info","message":"Listening for port ....3000","timestamp":"2020-10-02T08:26:32.015Z"}
{"level":"info","message":"MongoDB connection established successfully.....","timestamp":"2020-10-02T08:26:32.532Z"}
{"level":"info","message":"Listening for port ....3000","timestamp":"2020-10-02T08:28:01.811Z"}
{"level":"info","message":"MongoDB connection established successfully.....","timestamp":"2020-10-02T08:28:02.146Z"}
{"level":"info","message":"Listening for port ....3000","timestamp":"2020-10-02T08:28:51.009Z"}
{"level":"info","message":"MongoDB connection established successfully.....","timestamp":"2020-10-02T08:28:51.523Z"}
{"level":"info","message":"Listening for port ....3000","timestamp":"2020-10-02T08:29:10.801Z"}
{"level":"info","message":"MongoDB connection established successfully.....","timestamp":"2020-10-02T08:29:11.033Z"}
{"level":"info","message":"Listening for port ....3000","timestamp":"2020-10-02T08:29:51.367Z"}
{"level":"info","message":"MongoDB connection established successfully.....","timestamp":"2020-10-02T08:29:51.616Z"}
{"level":"info","message":"Listening for port ....3000","timestamp":"2020-10-02T08:40:36.148Z"}
{"level":"info","message":"MongoDB connection established successfully.....","timestamp":"2020-10-02T08:40:36.358Z"}
{"level":"info","message":"Listening for port ....3000","timestamp":"2020-10-02T08:45:15.772Z"}
{"level":"info","message":"MongoDB connection established successfully.....","timestamp":"2020-10-02T08:45:16.040Z"}
{"level":"info","message":"Listening for port ....3000","timestamp":"2020-10-02T08:48:53.710Z"}
{"level":"info","message":"MongoDB connection established successfully.....","timestamp":"2020-10-02T08:48:53.960Z"}
{"level":"info","message":"Listening for port ....3000","timestamp":"2020-10-02T08:50:18.984Z"}
{"level":"info","message":"MongoDB connection established successfully.....","timestamp":"2020-10-02T08:50:19.213Z"}
{"level":"info","message":"Listening for port ....3000","timestamp":"2020-10-02T08:51:42.522Z"}
{"level":"info","message":"MongoDB connection established successfully.....","timestamp":"2020-10-02T08:51:42.886Z"}
{"level":"info","message":"Listening for port ....3000","timestamp":"2020-10-02T08:52:34.502Z"}
{"level":"info","message":"MongoDB connection established successfully.....","timestamp":"2020-10-02T08:52:34.886Z"}
{"level":"info","message":"Listening for port ....3000","timestamp":"2020-10-02T08:53:19.974Z"}
{"level":"info","message":"MongoDB connection established successfully.....","timestamp":"2020-10-02T08:53:20.185Z"}
{"level":"info","message":"Listening for port ....3000","timestamp":"2020-10-02T08:54:45.165Z"}
{"level":"info","message":"MongoDB connection established successfully.....","timestamp":"2020-10-02T08:54:45.384Z"}
{"level":"info","message":"Listening for port ....3000","timestamp":"2020-10-02T08:57:42.235Z"}
{"level":"info","message":"MongoDB connection established successfully.....","timestamp":"2020-10-02T08:57:42.468Z"}
{"level":"info","message":"Listening for port ....3000","timestamp":"2020-10-02T09:10:17.650Z"}
{"level":"info","message":"MongoDB connection established successfully.....","timestamp":"2020-10-02T09:10:18.028Z"}
{"level":"info","message":"Listening for port ....3000","timestamp":"2020-10-02T09:11:08.471Z"}
{"level":"info","message":"MongoDB connection established successfully.....","timestamp":"2020-10-02T09:11:08.887Z"}
{"level":"info","message":"Listening for port ....3000","timestamp":"2020-10-02T09:23:57.517Z"}
{"level":"info","message":"MongoDB connection established successfully.....","timestamp":"2020-10-02T09:23:57.820Z"}
{"level":"info","message":"Listening for port ....3000","timestamp":"2020-10-02T09:39:12.938Z"}
{"level":"info","message":"MongoDB connection established successfully.....","timestamp":"2020-10-02T09:39:13.169Z"}
{"level":"info","message":"Listening for port ....3000","timestamp":"2020-10-02T09:40:46.736Z"}
{"level":"info","message":"MongoDB connection established successfully.....","timestamp":"2020-10-02T09:40:46.876Z"}
{"level":"info","message":"Listening for port ....3000","timestamp":"2020-10-02T09:46:40.128Z"}
{"level":"info","message":"MongoDB connection established successfully.....","timestamp":"2020-10-02T09:46:40.269Z"}
{"message":"Cannot set headers after they are sent to the client","stack":"Error [ERR_HTTP_HEADERS_SENT]: Cannot set headers after they are sent to the client\n    at ServerResponse.setHeader (_http_outgoing.js:518:11)\n    at ServerResponse.header (C:\\Users\\kayode\\Desktop\\sdg\\cohort2\\node_modules\\express\\lib\\response.js:771:10)\n    at ServerResponse.send (C:\\Users\\kayode\\Desktop\\sdg\\cohort2\\node_modules\\express\\lib\\response.js:170:12)\n    at ServerResponse.json (C:\\Users\\kayode\\Desktop\\sdg\\cohort2\\node_modules\\express\\lib\\response.js:267:15)\n    at C:\\Users\\kayode\\Desktop\\sdg\\cohort2\\routes\\order.js:49:19\n    at processTicksAndRejections (internal/process/task_queues.js:97:5)","code":"ERR_HTTP_HEADERS_SENT","level":"error","timestamp":"2020-10-02T09:50:49.786Z"}
{"level":"info","message":"Listening for port ....3000","timestamp":"2020-10-02T09:55:38.267Z"}
{"level":"info","message":"MongoDB connection established successfully.....","timestamp":"2020-10-02T09:55:38.451Z"}
{"level":"info","message":"Listening for port ....3000","timestamp":"2020-10-02T09:58:57.119Z"}
{"level":"info","message":"MongoDB connection established successfully.....","timestamp":"2020-10-02T09:58:57.323Z"}
{"level":"info","message":"Listening for port ....3000","timestamp":"2020-10-02T10:00:40.641Z"}
{"level":"info","message":"MongoDB connection established successfully.....","timestamp":"2020-10-02T10:00:40.824Z"}
{"level":"info","message":"Listening for port ....3000","timestamp":"2020-10-02T10:01:57.738Z"}
{"level":"info","message":"MongoDB connection established successfully.....","timestamp":"2020-10-02T10:01:57.899Z"}
{"level":"info","message":"Listening for port ....3000","timestamp":"2020-10-02T10:03:16.363Z"}
{"level":"info","message":"MongoDB connection established successfully.....","timestamp":"2020-10-02T10:03:16.562Z"}
{"level":"info","message":"Listening for port ....3000","timestamp":"2020-10-02T10:05:47.548Z"}
{"level":"info","message":"MongoDB connection established successfully.....","timestamp":"2020-10-02T10:05:47.725Z"}
{"level":"info","message":"Listening for port ....3000","timestamp":"2020-10-02T10:07:57.603Z"}
{"level":"info","message":"MongoDB connection established successfully.....","timestamp":"2020-10-02T10:07:57.781Z"}
{"level":"info","message":"Listening for port ....3000","timestamp":"2020-10-02T10:10:45.587Z"}
{"level":"info","message":"MongoDB connection established successfully.....","timestamp":"2020-10-02T10:10:45.779Z"}
{"level":"info","message":"Listening for port ....3000","timestamp":"2020-10-02T10:12:00.895Z"}
{"level":"info","message":"MongoDB connection established successfully.....","timestamp":"2020-10-02T10:12:01.077Z"}
{"level":"info","message":"Listening for port ....3000","timestamp":"2020-10-02T10:12:38.060Z"}
{"level":"info","message":"MongoDB connection established successfully.....","timestamp":"2020-10-02T10:12:38.335Z"}
{"level":"info","message":"Listening for port ....3000","timestamp":"2020-10-02T10:13:16.694Z"}
{"level":"info","message":"MongoDB connection established successfully.....","timestamp":"2020-10-02T10:13:16.885Z"}
{"level":"info","message":"Listening for port ....3000","timestamp":"2020-10-02T10:19:17.054Z"}
{"level":"info","message":"MongoDB connection established successfully.....","timestamp":"2020-10-02T10:19:17.204Z"}
{"level":"info","message":"Listening for port ....3000","timestamp":"2020-10-02T10:22:30.648Z"}
{"level":"info","message":"MongoDB connection established successfully.....","timestamp":"2020-10-02T10:22:30.900Z"}
{"level":"info","message":"Listening for port ....3000","timestamp":"2020-10-02T10:48:24.662Z"}
{"level":"info","message":"MongoDB connection established successfully.....","timestamp":"2020-10-02T10:48:24.946Z"}
{"level":"info","message":"Listening for port ....3000","timestamp":"2020-10-02T11:15:44.153Z"}
{"level":"info","message":"MongoDB connection established successfully.....","timestamp":"2020-10-02T11:15:44.447Z"}
{"level":"info","message":"Listening for port ....3000","timestamp":"2020-10-02T11:16:45.741Z"}
{"level":"info","message":"MongoDB connection established successfully.....","timestamp":"2020-10-02T11:16:46.089Z"}
{"level":"info","message":"Listening for port ....3000","timestamp":"2020-10-02T13:34:59.428Z"}
{"level":"info","message":"MongoDB connection established successfully.....","timestamp":"2020-10-02T13:34:59.939Z"}
{"level":"info","message":"Listening for port ....3000","timestamp":"2020-10-04T11:37:04.212Z"}
{"level":"info","message":"Listening for port ....3000","timestamp":"2020-10-04T11:47:04.394Z"}
{"level":"info","message":"MongoDB connection established successfully.....","timestamp":"2020-10-04T11:47:04.875Z"}
{"level":"info","message":"Listening for port ....3000","timestamp":"2020-10-04T11:47:36.967Z"}
{"level":"info","message":"MongoDB connection established successfully.....","timestamp":"2020-10-04T11:47:37.751Z"}
{"level":"info","message":"Listening for port ....3000","timestamp":"2020-10-04T12:08:48.416Z"}
{"level":"info","message":"MongoDB connection established successfully.....","timestamp":"2020-10-04T12:08:48.669Z"}
{"level":"info","message":"Listening for port ....5000","timestamp":"2020-10-04T12:10:41.741Z"}
{"level":"info","message":"MongoDB connection established successfully.....","timestamp":"2020-10-04T12:10:42.999Z"}
{"level":"info","message":"Listening for port ....5000","timestamp":"2020-10-04T12:18:55.541Z"}
{"level":"info","message":"MongoDB connection established successfully.....","timestamp":"2020-10-04T12:18:55.815Z"}
{"level":"info","message":"Listening for port ....5000","timestamp":"2020-10-04T12:48:23.462Z"}
{"level":"info","message":"MongoDB connection established successfully.....","timestamp":"2020-10-04T12:48:23.996Z"}
{"level":"info","message":"Listening for port ....5000","timestamp":"2020-10-04T12:54:14.459Z"}
{"level":"info","message":"MongoDB connection established successfully.....","timestamp":"2020-10-04T12:54:14.818Z"}
{"level":"info","message":"Listening for port ....5000","timestamp":"2020-10-04T12:59:17.798Z"}
{"level":"info","message":"MongoDB connection established successfully.....","timestamp":"2020-10-04T12:59:18.476Z"}
{"level":"info","message":"Listening for port ....5000","timestamp":"2020-10-04T13:06:34.082Z"}
{"level":"info","message":"MongoDB connection established successfully.....","timestamp":"2020-10-04T13:06:34.549Z"}
{"level":"info","message":"Listening for port ....5000","timestamp":"2020-10-04T16:32:20.708Z"}
{"level":"info","message":"MongoDB connection established successfully.....","timestamp":"2020-10-04T16:32:21.022Z"}
{"level":"info","message":"Listening for port ....5000","timestamp":"2020-10-04T16:45:18.406Z"}
{"level":"info","message":"MongoDB connection established successfully.....","timestamp":"2020-10-04T16:45:18.811Z"}
{"level":"info","message":"Listening for port ....5000","timestamp":"2020-10-04T18:40:11.219Z"}
{"level":"info","message":"Listening for port ....5000","timestamp":"2020-10-04T18:41:32.086Z"}
{"level":"info","message":"MongoDB connection established successfully.....","timestamp":"2020-10-04T18:41:36.337Z"}
{"level":"info","message":"Listening for port ....5000","timestamp":"2020-10-05T07:09:45.151Z"}
{"level":"info","message":"MongoDB connection established successfully.....","timestamp":"2020-10-05T07:09:56.748Z"}
{"level":"info","message":"Listening for port ....5000","timestamp":"2020-10-05T10:11:51.431Z"}
{"level":"info","message":"MongoDB connection established successfully.....","timestamp":"2020-10-05T10:11:51.666Z"}
{"level":"info","message":"Listening for port ....5000","timestamp":"2020-10-06T07:02:32.061Z"}
{"level":"info","message":"Listening for port ....5000","timestamp":"2020-10-06T07:45:01.612Z"}
{"level":"info","message":"MongoDB connection established successfully.....","timestamp":"2020-10-06T07:45:12.637Z"}
{"level":"info","message":"Listening for port ....5000","timestamp":"2020-10-06T12:24:19.505Z"}
{"level":"info","message":"Listening for port ....5000","timestamp":"2020-10-06T12:25:48.885Z"}
{"level":"info","message":"MongoDB connection established successfully.....","timestamp":"2020-10-06T12:25:55.741Z"}
{"level":"info","message":"Listening for port ....5000","timestamp":"2020-10-06T19:43:47.213Z"}
{"level":"info","message":"MongoDB connection established successfully.....","timestamp":"2020-10-06T19:43:58.610Z"}
{"level":"info","message":"Listening for port ....5000","timestamp":"2020-10-07T09:20:19.210Z"}
{"level":"info","message":"Listening for port ....5000","timestamp":"2020-10-07T09:31:57.178Z"}
{"level":"info","message":"MongoDB connection established successfully.....","timestamp":"2020-10-07T09:31:58.865Z"}
{"level":"info","message":"Listening for port ....5000","timestamp":"2020-10-07T11:00:22.314Z"}
{"level":"info","message":"MongoDB connection established successfully.....","timestamp":"2020-10-07T11:00:33.286Z"}
{"level":"info","message":"Listening for port ....5000","timestamp":"2020-10-07T13:04:09.537Z"}
{"level":"info","message":"MongoDB connection established successfully.....","timestamp":"2020-10-07T13:04:21.291Z"}
{"level":"info","message":"Listening for port ....5000","timestamp":"2020-10-07T13:36:42.990Z"}
{"level":"info","message":"MongoDB connection established successfully.....","timestamp":"2020-10-07T13:36:43.295Z"}
{"level":"info","message":"Listening for port ....5000","timestamp":"2020-10-08T06:59:28.877Z"}
{"level":"info","message":"Listening for port ....5000","timestamp":"2020-10-08T07:04:04.337Z"}
{"level":"info","message":"Listening for port ....5000","timestamp":"2020-10-08T07:06:38.798Z"}
{"level":"info","message":"MongoDB connection established successfully.....","timestamp":"2020-10-08T07:06:40.737Z"}
{"level":"info","message":"Listening for port ....5000","timestamp":"2020-10-08T14:18:25.515Z"}
{"level":"info","message":"MongoDB connection established successfully.....","timestamp":"2020-10-08T14:18:26.692Z"}
